# JRE version: Java(TM) SE Runtime Environment (8.0_271-b09) (build 1.8.0_271-b09)
# Java VM: Java HotSpot(TM) 64-Bit Server VM (25.271-b09 mixed mode windows-amd64 compressed oops)
Heap:
 PSYoungGen      total 1242624K, used 398527K [0x000000076cd80000, 0x00000007c0000000, 0x00000007c0000000)
  eden space 1134080K, 27% used [0x000000076cd80000,0x00000007801f04b8,0x00000007b2100000)
  from space 108544K, 76% used [0x00000007b9600000,0x00000007be6bf7a0,0x00000007c0000000)
  to   space 114176K, 0% used [0x00000007b2100000,0x00000007b2100000,0x00000007b9080000)
 ParOldGen       total 578560K, used 352885K [0x00000006c6800000, 0x00000006e9d00000, 0x000000076cd80000)
  object space 578560K, 60% used [0x00000006c6800000,0x00000006dc09d6e8,0x00000006e9d00000)
 Metaspace       used 98059K, capacity 110956K, committed 111104K, reserved 1142784K
  class space    used 13877K, capacity 16836K, committed 16896K, reserved 1048576K
GC Heap History (10 events):
Event: 60.978 GC heap before
{Heap before GC invocations=92 (full 4):
 PSYoungGen      total 1264128K, used 1202688K [0x000000076cd80000, 0x00000007c0000000, 0x00000007c0000000)
  eden space 1202688K, 100% used [0x000000076cd80000,0x00000007b6400000,0x00000007b6400000)
  from space 61440K, 0% used [0x00000007b6400000,0x00000007b6400000,0x00000007ba000000)
  to   space 83968K, 0% used [0x00000007bae00000,0x00000007bae00000,0x00000007c0000000)
 ParOldGen       total 578560K, used 352849K [0x00000006c6800000, 0x00000006e9d00000, 0x000000076cd80000)
  object space 578560K, 60% used [0x00000006c6800000,0x00000006dc094610,0x00000006e9d00000)
 Metaspace       used 96659K, capacity 109112K, committed 109184K, reserved 1142784K
  class space    used 13783K, capacity 16730K, committed 16768K, reserved 1048576K
Event: 61.027 GC heap after
Heap after GC invocations=92 (full 4):
 PSYoungGen      total 1267200K, used 68664K [0x000000076cd80000, 0x00000007c0000000, 0x00000007c0000000)
  eden space 1183232K, 0% used [0x000000076cd80000,0x000000076cd80000,0x00000007b5100000)
  from space 83968K, 81% used [0x00000007bae00000,0x00000007bf10e250,0x00000007c0000000)
  to   space 89600K, 0% used [0x00000007b5100000,0x00000007b5100000,0x00000007ba880000)
 ParOldGen       total 578560K, used 352857K [0x00000006c6800000, 0x00000006e9d00000, 0x000000076cd80000)
  object space 578560K, 60% used [0x00000006c6800000,0x00000006dc096610,0x00000006e9d00000)
 Metaspace       used 96659K, capacity 109112K, committed 109184K, reserved 1142784K
  class space    used 13783K, capacity 16730K, committed 16768K, reserved 1048576K
}
Event: 69.318 GC heap before
{Heap before GC invocations=93 (full 4):
 PSYoungGen      total 1267200K, used 1251896K [0x000000076cd80000, 0x00000007c0000000, 0x00000007c0000000)
  eden space 1183232K, 100% used [0x000000076cd80000,0x00000007b5100000,0x00000007b5100000)
  from space 83968K, 81% used [0x00000007bae00000,0x00000007bf10e250,0x00000007c0000000)
  to   space 89600K, 0% used [0x00000007b5100000,0x00000007b5100000,0x00000007ba880000)
 ParOldGen       total 578560K, used 352857K [0x00000006c6800000, 0x00000006e9d00000, 0x000000076cd80000)
  object space 578560K, 60% used [0x00000006c6800000,0x00000006dc096610,0x00000006e9d00000)
 Metaspace       used 97156K, capacity 109728K, committed 109952K, reserved 1142784K
  class space    used 13813K, capacity 16764K, committed 16768K, reserved 1048576K
Event: 69.352 GC heap after
Heap after GC invocations=93 (full 4):
 PSYoungGen      total 1252352K, used 68954K [0x000000076cd80000, 0x00000007c0000000, 0x00000007c0000000)
  eden space 1183232K, 0% used [0x000000076cd80000,0x000000076cd80000,0x00000007b5100000)
  from space 69120K, 99% used [0x00000007b5100000,0x00000007b94568f0,0x00000007b9480000)
  to   space 94208K, 0% used [0x00000007ba400000,0x00000007ba400000,0x00000007c0000000)
 ParOldGen       total 578560K, used 352865K [0x00000006c6800000, 0x00000006e9d00000, 0x000000076cd80000)
  object space 578560K, 60% used [0x00000006c6800000,0x00000006dc098610,0x00000006e9d00000)
 Metaspace       used 97156K, capacity 109728K, committed 109952K, reserved 1142784K
  class space    used 13813K, capacity 16764K, committed 16768K, reserved 1048576K
}
Event: 99.942 GC heap before
{Heap before GC invocations=94 (full 4):
 PSYoungGen      total 1252352K, used 1252186K [0x000000076cd80000, 0x00000007c0000000, 0x00000007c0000000)
  eden space 1183232K, 100% used [0x000000076cd80000,0x00000007b5100000,0x00000007b5100000)
  from space 69120K, 99% used [0x00000007b5100000,0x00000007b94568f0,0x00000007b9480000)
  to   space 94208K, 0% used [0x00000007ba400000,0x00000007ba400000,0x00000007c0000000)
 ParOldGen       total 578560K, used 352865K [0x00000006c6800000, 0x00000006e9d00000, 0x000000076cd80000)
  object space 578560K, 60% used [0x00000006c6800000,0x00000006dc098610,0x00000006e9d00000)
 Metaspace       used 97915K, capacity 110754K, committed 110848K, reserved 1142784K
  class space    used 13853K, capacity 16809K, committed 16896K, reserved 1048576K
Event: 99.987 GC heap after
Heap after GC invocations=94 (full 4):
 PSYoungGen      total 1252864K, used 80664K [0x000000076cd80000, 0x00000007c0000000, 0x00000007c0000000)
  eden space 1158656K, 0% used [0x000000076cd80000,0x000000076cd80000,0x00000007b3900000)
  from space 94208K, 85% used [0x00000007ba400000,0x00000007bf2c6080,0x00000007c0000000)
  to   space 101888K, 0% used [0x00000007b3900000,0x00000007b3900000,0x00000007b9c80000)
 ParOldGen       total 578560K, used 352873K [0x00000006c6800000, 0x00000006e9d00000, 0x000000076cd80000)
  object space 578560K, 60% used [0x00000006c6800000,0x00000006dc09a610,0x00000006e9d00000)
 Metaspace       used 97915K, capacity 110754K, committed 110848K, reserved 1142784K
  class space    used 13853K, capacity 16809K, committed 16896K, reserved 1048576K
}
Event: 179.088 GC heap before
{Heap before GC invocations=95 (full 4):
 PSYoungGen      total 1252864K, used 1239320K [0x000000076cd80000, 0x00000007c0000000, 0x00000007c0000000)
  eden space 1158656K, 100% used [0x000000076cd80000,0x00000007b3900000,0x00000007b3900000)
  from space 94208K, 85% used [0x00000007ba400000,0x00000007bf2c6080,0x00000007c0000000)
  to   space 101888K, 0% used [0x00000007b3900000,0x00000007b3900000,0x00000007b9c80000)
 ParOldGen       total 578560K, used 352873K [0x00000006c6800000, 0x00000006e9d00000, 0x000000076cd80000)
  object space 578560K, 60% used [0x00000006c6800000,0x00000006dc09a680,0x00000006e9d00000)
 Metaspace       used 97916K, capacity 110754K, committed 110848K, reserved 1142784K
  class space    used 13854K, capacity 16809K, committed 16896K, reserved 1048576K
Event: 179.140 GC heap after
Heap after GC invocations=95 (full 4):
 PSYoungGen      total 1241600K, used 82620K [0x000000076cd80000, 0x00000007c0000000, 0x00000007c0000000)
  eden space 1158656K, 0% used [0x000000076cd80000,0x000000076cd80000,0x00000007b3900000)
  from space 82944K, 99% used [0x00000007b3900000,0x00000007b89af128,0x00000007b8a00000)
  to   space 108544K, 0% used [0x00000007b9600000,0x00000007b9600000,0x00000007c0000000)
 ParOldGen       total 578560K, used 352881K [0x00000006c6800000, 0x00000006e9d00000, 0x000000076cd80000)
  object space 578560K, 60% used [0x00000006c6800000,0x00000006dc09c680,0x00000006e9d00000)
 Metaspace       used 97916K, capacity 110754K, committed 110848K, reserved 1142784K
  class space    used 13854K, capacity 16809K, committed 16896K, reserved 1048576K
}
Event: 254.598 GC heap before
{Heap before GC invocations=96 (full 4):
 PSYoungGen      total 1241600K, used 1241276K [0x000000076cd80000, 0x00000007c0000000, 0x00000007c0000000)
  eden space 1158656K, 100% used [0x000000076cd80000,0x00000007b3900000,0x00000007b3900000)
  from space 82944K, 99% used [0x00000007b3900000,0x00000007b89af128,0x00000007b8a00000)
  to   space 108544K, 0% used [0x00000007b9600000,0x00000007b9600000,0x00000007c0000000)
 ParOldGen       total 578560K, used 352885K [0x00000006c6800000, 0x00000006e9d00000, 0x000000076cd80000)
  object space 578560K, 60% used [0x00000006c6800000,0x00000006dc09d6e8,0x00000006e9d00000)
 Metaspace       used 97917K, capacity 110754K, committed 110848K, reserved 1142784K
  class space    used 13854K, capacity 16809K, committed 16896K, reserved 1048576K
Event: 254.661 GC heap after
Heap after GC invocations=96 (full 4):
 PSYoungGen      total 1242624K, used 82685K [0x000000076cd80000, 0x00000007c0000000, 0x00000007c0000000)
  eden space 1134080K, 0% used [0x000000076cd80000,0x000000076cd80000,0x00000007b2100000)
  from space 108544K, 76% used [0x00000007b9600000,0x00000007be6bf7a0,0x00000007c0000000)
  to   space 114176K, 0% used [0x00000007b2100000,0x00000007b2100000,0x00000007b9080000)
 ParOldGen       total 578560K, used 352885K [0x00000006c6800000, 0x00000006e9d00000, 0x000000076cd80000)
  object space 578560K, 60% used [0x00000006c6800000,0x00000006dc09d6e8,0x00000006e9d00000)
 Metaspace       used 97917K, capacity 110754K, committed 110848K, reserved 1142784K
  class space    used 13854K, capacity 16809K, committed 16896K, reserved 1048576K
}

