# JRE version: Java(TM) SE Runtime Environment (8.0_271-b09) (build 1.8.0_271-b09)
# Java VM: Java HotSpot(TM) 64-Bit Server VM (25.271-b09 mixed mode windows-amd64 compressed oops)
Heap:
 PSYoungGen      total 1265152K, used 613971K [0x000000076cd80000, 0x00000007c0000000, 0x00000007c0000000)
  eden space 1171968K, 46% used [0x000000076cd80000,0x000000078e6ff2e8,0x00000007b4600000)
  from space 93184K, 68% used [0x00000007ba500000,0x00000007be315a60,0x00000007c0000000)
  to   space 95232K, 0% used [0x00000007b4600000,0x00000007b4600000,0x00000007ba300000)
 ParOldGen       total 545792K, used 366754K [0x00000006c6800000, 0x00000006e7d00000, 0x000000076cd80000)
  object space 545792K, 67% used [0x00000006c6800000,0x00000006dce288b0,0x00000006e7d00000)
 Metaspace       used 98423K, capacity 111406K, committed 111532K, reserved 1144832K
  class space    used 13941K, capacity 16955K, committed 17068K, reserved 1048576K
GC Heap History (10 events):
Event: 45.251 GC heap before
{Heap before GC invocations=88 (full 4):
 PSYoungGen      total 1288192K, used 40439K [0x000000076cd80000, 0x00000007c0000000, 0x00000007c0000000)
  eden space 1247744K, 0% used [0x000000076cd80000,0x000000076cd80000,0x00000007b9000000)
  from space 40448K, 99% used [0x00000007bd880000,0x00000007bfffdec8,0x00000007c0000000)
  to   space 57344K, 0% used [0x00000007b9000000,0x00000007b9000000,0x00000007bc800000)
 ParOldGen       total 380416K, used 271684K [0x00000006c6800000, 0x00000006ddb80000, 0x000000076cd80000)
  object space 380416K, 71% used [0x00000006c6800000,0x00000006d7151398,0x00000006ddb80000)
 Metaspace       used 85704K, capacity 96366K, committed 96428K, reserved 1130496K
  class space    used 12411K, capacity 15019K, committed 15020K, reserved 1048576K
Event: 45.759 GC heap after
Heap after GC invocations=88 (full 4):
 PSYoungGen      total 1288192K, used 0K [0x000000076cd80000, 0x00000007c0000000, 0x00000007c0000000)
  eden space 1247744K, 0% used [0x000000076cd80000,0x000000076cd80000,0x00000007b9000000)
  from space 40448K, 0% used [0x00000007bd880000,0x00000007bd880000,0x00000007c0000000)
  to   space 57344K, 0% used [0x00000007b9000000,0x00000007b9000000,0x00000007bc800000)
 ParOldGen       total 545792K, used 299360K [0x00000006c6800000, 0x00000006e7d00000, 0x000000076cd80000)
  object space 545792K, 54% used [0x00000006c6800000,0x00000006d8c58160,0x00000006e7d00000)
 Metaspace       used 85691K, capacity 96338K, committed 96428K, reserved 1130496K
  class space    used 12406K, capacity 15011K, committed 15020K, reserved 1048576K
}
Event: 52.940 GC heap before
{Heap before GC invocations=89 (full 4):
 PSYoungGen      total 1288192K, used 1247744K [0x000000076cd80000, 0x00000007c0000000, 0x00000007c0000000)
  eden space 1247744K, 100% used [0x000000076cd80000,0x00000007b9000000,0x00000007b9000000)
  from space 40448K, 0% used [0x00000007bd880000,0x00000007bd880000,0x00000007c0000000)
  to   space 57344K, 0% used [0x00000007b9000000,0x00000007b9000000,0x00000007bc800000)
 ParOldGen       total 545792K, used 299360K [0x00000006c6800000, 0x00000006e7d00000, 0x000000076cd80000)
  object space 545792K, 54% used [0x00000006c6800000,0x00000006d8c58160,0x00000006e7d00000)
 Metaspace       used 96849K, capacity 109430K, committed 109612K, reserved 1142784K
  class space    used 13849K, capacity 16825K, committed 16940K, reserved 1048576K
Event: 52.988 GC heap after
Heap after GC invocations=89 (full 4):
 PSYoungGen      total 1305088K, used 57337K [0x000000076cd80000, 0x00000007c0000000, 0x00000007c0000000)
  eden space 1247744K, 0% used [0x000000076cd80000,0x000000076cd80000,0x00000007b9000000)
  from space 57344K, 99% used [0x00000007b9000000,0x00000007bc7fe6c0,0x00000007bc800000)
  to   space 57344K, 0% used [0x00000007bc800000,0x00000007bc800000,0x00000007c0000000)
 ParOldGen       total 545792K, used 347033K [0x00000006c6800000, 0x00000006e7d00000, 0x000000076cd80000)
  object space 545792K, 63% used [0x00000006c6800000,0x00000006dbae6770,0x00000006e7d00000)
 Metaspace       used 96849K, capacity 109430K, committed 109612K, reserved 1142784K
  class space    used 13849K, capacity 16825K, committed 16940K, reserved 1048576K
}
Event: 64.377 GC heap before
{Heap before GC invocations=90 (full 4):
 PSYoungGen      total 1305088K, used 1305081K [0x000000076cd80000, 0x00000007c0000000, 0x00000007c0000000)
  eden space 1247744K, 100% used [0x000000076cd80000,0x00000007b9000000,0x00000007b9000000)
  from space 57344K, 99% used [0x00000007b9000000,0x00000007bc7fe6c0,0x00000007bc800000)
  to   space 57344K, 0% used [0x00000007bc800000,0x00000007bc800000,0x00000007c0000000)
 ParOldGen       total 545792K, used 347033K [0x00000006c6800000, 0x00000006e7d00000, 0x000000076cd80000)
  object space 545792K, 63% used [0x00000006c6800000,0x00000006dbae6770,0x00000006e7d00000)
 Metaspace       used 97758K, capacity 110582K, committed 110892K, reserved 1142784K
  class space    used 13902K, capacity 16885K, committed 16940K, reserved 1048576K
Event: 64.435 GC heap after
Heap after GC invocations=90 (full 4):
 PSYoungGen      total 1236480K, used 57313K [0x000000076cd80000, 0x00000007c0000000, 0x00000007c0000000)
  eden space 1179136K, 0% used [0x000000076cd80000,0x000000076cd80000,0x00000007b4d00000)
  from space 57344K, 99% used [0x00000007bc800000,0x00000007bfff84f8,0x00000007c0000000)
  to   space 91648K, 0% used [0x00000007b4d00000,0x00000007b4d00000,0x00000007ba680000)
 ParOldGen       total 545792K, used 366743K [0x00000006c6800000, 0x00000006e7d00000, 0x000000076cd80000)
  object space 545792K, 67% used [0x00000006c6800000,0x00000006dce25ca0,0x00000006e7d00000)
 Metaspace       used 97758K, capacity 110582K, committed 110892K, reserved 1142784K
  class space    used 13902K, capacity 16885K, committed 16940K, reserved 1048576K
}
Event: 83.581 GC heap before
{Heap before GC invocations=91 (full 4):
 PSYoungGen      total 1236480K, used 1236449K [0x000000076cd80000, 0x00000007c0000000, 0x00000007c0000000)
  eden space 1179136K, 100% used [0x000000076cd80000,0x00000007b4d00000,0x00000007b4d00000)
  from space 57344K, 99% used [0x00000007bc800000,0x00000007bfff84f8,0x00000007c0000000)
  to   space 91648K, 0% used [0x00000007b4d00000,0x00000007b4d00000,0x00000007ba680000)
 ParOldGen       total 545792K, used 366743K [0x00000006c6800000, 0x00000006e7d00000, 0x000000076cd80000)
  object space 545792K, 67% used [0x00000006c6800000,0x00000006dce25e60,0x00000006e7d00000)
 Metaspace       used 98296K, capacity 111208K, committed 111404K, reserved 1144832K
  class space    used 13919K, capacity 16928K, committed 16940K, reserved 1048576K
Event: 83.631 GC heap after
Heap after GC invocations=91 (full 4):
 PSYoungGen      total 1240064K, used 60730K [0x000000076cd80000, 0x00000007c0000000, 0x00000007c0000000)
  eden space 1179136K, 0% used [0x000000076cd80000,0x000000076cd80000,0x00000007b4d00000)
  from space 60928K, 99% used [0x00000007b4d00000,0x00000007b884eb88,0x00000007b8880000)
  to   space 93184K, 0% used [0x00000007ba500000,0x00000007ba500000,0x00000007c0000000)
 ParOldGen       total 545792K, used 366743K [0x00000006c6800000, 0x00000006e7d00000, 0x000000076cd80000)
  object space 545792K, 67% used [0x00000006c6800000,0x00000006dce25e60,0x00000006e7d00000)
 Metaspace       used 98296K, capacity 111208K, committed 111404K, reserved 1144832K
  class space    used 13919K, capacity 16928K, committed 16940K, reserved 1048576K
}
Event: 162.328 GC heap before
{Heap before GC invocations=92 (full 4):
 PSYoungGen      total 1240064K, used 1239866K [0x000000076cd80000, 0x00000007c0000000, 0x00000007c0000000)
  eden space 1179136K, 100% used [0x000000076cd80000,0x00000007b4d00000,0x00000007b4d00000)
  from space 60928K, 99% used [0x00000007b4d00000,0x00000007b884eb88,0x00000007b8880000)
  to   space 93184K, 0% used [0x00000007ba500000,0x00000007ba500000,0x00000007c0000000)
 ParOldGen       total 545792K, used 366746K [0x00000006c6800000, 0x00000006e7d00000, 0x000000076cd80000)
  object space 545792K, 67% used [0x00000006c6800000,0x00000006dce268b0,0x00000006e7d00000)
 Metaspace       used 98307K, capacity 111208K, committed 111404K, reserved 1144832K
  class space    used 13919K, capacity 16928K, committed 16940K, reserved 1048576K
Event: 162.414 GC heap after
Heap after GC invocations=92 (full 4):
 PSYoungGen      total 1265152K, used 63574K [0x000000076cd80000, 0x00000007c0000000, 0x00000007c0000000)
  eden space 1171968K, 0% used [0x000000076cd80000,0x000000076cd80000,0x00000007b4600000)
  from space 93184K, 68% used [0x00000007ba500000,0x00000007be315a60,0x00000007c0000000)
  to   space 95232K, 0% used [0x00000007b4600000,0x00000007b4600000,0x00000007ba300000)
 ParOldGen       total 545792K, used 366754K [0x00000006c6800000, 0x00000006e7d00000, 0x000000076cd80000)
  object space 545792K, 67% used [0x00000006c6800000,0x00000006dce288b0,0x00000006e7d00000)
 Metaspace       used 98307K, capacity 111208K, committed 111404K, reserved 1144832K
  class space    used 13919K, capacity 16928K, committed 16940K, reserved 1048576K
}

