# JRE version: Java(TM) SE Runtime Environment (8.0_271-b09) (build 1.8.0_271-b09)
# Java VM: Java HotSpot(TM) 64-Bit Server VM (25.271-b09 mixed mode windows-amd64 compressed oops)
Heap:
 PSYoungGen      total 914944K, used 509283K [0x000000076cd80000, 0x00000007bef80000, 0x00000007c0000000)
  eden space 489472K, 45% used [0x000000076cd80000,0x000000077a870c18,0x000000078ab80000)
  from space 425472K, 67% used [0x000000078ab80000,0x000000079c1e8000,0x00000007a4b00000)
  to   space 418816K, 0% used [0x00000007a5680000,0x00000007a5680000,0x00000007bef80000)
 ParOldGen       total 1986048K, used 1139877K [0x00000006c6800000, 0x000000073fb80000, 0x000000076cd80000)
  object space 1986048K, 57% used [0x00000006c6800000,0x000000070c1297d0,0x000000073fb80000)
 Metaspace       used 98356K, capacity 111366K, committed 111488K, reserved 1144832K
  class space    used 13967K, capacity 17001K, committed 17024K, reserved 1048576K
GC Heap History (10 events):
Event: 151.461 GC heap before
{Heap before GC invocations=107 (full 6):
 PSYoungGen      total 908288K, used 728416K [0x000000076cd80000, 0x00000007c0000000, 0x00000007c0000000)
  eden space 454144K, 100% used [0x000000076cd80000,0x0000000788900000,0x0000000788900000)
  from space 454144K, 60% used [0x00000007a4480000,0x00000007b5058030,0x00000007c0000000)
  to   space 454144K, 0% used [0x0000000788900000,0x0000000788900000,0x00000007a4480000)
 ParOldGen       total 1986048K, used 1139557K [0x00000006c6800000, 0x000000073fb80000, 0x000000076cd80000)
  object space 1986048K, 57% used [0x00000006c6800000,0x000000070c0d96e0,0x000000073fb80000)
 Metaspace       used 98251K, capacity 111178K, committed 111232K, reserved 1142784K
  class space    used 13948K, capacity 16977K, committed 17024K, reserved 1048576K
Event: 151.649 GC heap after
Heap after GC invocations=107 (full 6):
 PSYoungGen      total 709120K, used 254752K [0x000000076cd80000, 0x00000007be900000, 0x00000007c0000000)
  eden space 454144K, 0% used [0x000000076cd80000,0x000000076cd80000,0x0000000788900000)
  from space 254976K, 99% used [0x0000000788900000,0x00000007981c8000,0x0000000798200000)
  to   space 442368K, 0% used [0x00000007a3900000,0x00000007a3900000,0x00000007be900000)
 ParOldGen       total 1986048K, used 1139877K [0x00000006c6800000, 0x000000073fb80000, 0x000000076cd80000)
  object space 1986048K, 57% used [0x00000006c6800000,0x000000070c1297d0,0x000000073fb80000)
 Metaspace       used 98251K, capacity 111178K, committed 111232K, reserved 1142784K
  class space    used 13948K, capacity 16977K, committed 17024K, reserved 1048576K
}
Event: 154.868 GC heap before
{Heap before GC invocations=108 (full 6):
 PSYoungGen      total 709120K, used 708896K [0x000000076cd80000, 0x00000007be900000, 0x00000007c0000000)
  eden space 454144K, 100% used [0x000000076cd80000,0x0000000788900000,0x0000000788900000)
  from space 254976K, 99% used [0x0000000788900000,0x00000007981c8000,0x0000000798200000)
  to   space 442368K, 0% used [0x00000007a3900000,0x00000007a3900000,0x00000007be900000)
 ParOldGen       total 1986048K, used 1139877K [0x00000006c6800000, 0x000000073fb80000, 0x000000076cd80000)
  object space 1986048K, 57% used [0x00000006c6800000,0x000000070c1297d0,0x000000073fb80000)
 Metaspace       used 98251K, capacity 111178K, committed 111232K, reserved 1142784K
  class space    used 13948K, capacity 16977K, committed 17024K, reserved 1048576K
Event: 155.061 GC heap after
Heap after GC invocations=108 (full 6):
 PSYoungGen      total 904704K, used 278560K [0x000000076cd80000, 0x00000007bfc80000, 0x00000007c0000000)
  eden space 462336K, 0% used [0x000000076cd80000,0x000000076cd80000,0x0000000789100000)
  from space 442368K, 62% used [0x00000007a3900000,0x00000007b4908000,0x00000007be900000)
  to   space 434176K, 0% used [0x0000000789100000,0x0000000789100000,0x00000007a3900000)
 ParOldGen       total 1986048K, used 1139877K [0x00000006c6800000, 0x000000073fb80000, 0x000000076cd80000)
  object space 1986048K, 57% used [0x00000006c6800000,0x000000070c1297d0,0x000000073fb80000)
 Metaspace       used 98251K, capacity 111178K, committed 111232K, reserved 1142784K
  class space    used 13948K, capacity 16977K, committed 17024K, reserved 1048576K
}
Event: 158.222 GC heap before
{Heap before GC invocations=109 (full 6):
 PSYoungGen      total 904704K, used 740896K [0x000000076cd80000, 0x00000007bfc80000, 0x00000007c0000000)
  eden space 462336K, 100% used [0x000000076cd80000,0x0000000789100000,0x0000000789100000)
  from space 442368K, 62% used [0x00000007a3900000,0x00000007b4908000,0x00000007be900000)
  to   space 434176K, 0% used [0x0000000789100000,0x0000000789100000,0x00000007a3900000)
 ParOldGen       total 1986048K, used 1139877K [0x00000006c6800000, 0x000000073fb80000, 0x000000076cd80000)
  object space 1986048K, 57% used [0x00000006c6800000,0x000000070c1297d0,0x000000073fb80000)
 Metaspace       used 98254K, capacity 111178K, committed 111232K, reserved 1142784K
  class space    used 13948K, capacity 16977K, committed 17024K, reserved 1048576K
Event: 158.424 GC heap after
Heap after GC invocations=109 (full 6):
 PSYoungGen      total 896512K, used 286368K [0x000000076cd80000, 0x00000007bee00000, 0x00000007c0000000)
  eden space 462336K, 0% used [0x000000076cd80000,0x000000076cd80000,0x0000000789100000)
  from space 434176K, 65% used [0x0000000789100000,0x000000079a8a8000,0x00000007a3900000)
  to   space 429056K, 0% used [0x00000007a4b00000,0x00000007a4b00000,0x00000007bee00000)
 ParOldGen       total 1986048K, used 1139877K [0x00000006c6800000, 0x000000073fb80000, 0x000000076cd80000)
  object space 1986048K, 57% used [0x00000006c6800000,0x000000070c1297d0,0x000000073fb80000)
 Metaspace       used 98254K, capacity 111178K, committed 111232K, reserved 1142784K
  class space    used 13948K, capacity 16977K, committed 17024K, reserved 1048576K
}
Event: 161.447 GC heap before
{Heap before GC invocations=110 (full 6):
 PSYoungGen      total 896512K, used 748704K [0x000000076cd80000, 0x00000007bee00000, 0x00000007c0000000)
  eden space 462336K, 100% used [0x000000076cd80000,0x0000000789100000,0x0000000789100000)
  from space 434176K, 65% used [0x0000000789100000,0x000000079a8a8000,0x00000007a3900000)
  to   space 429056K, 0% used [0x00000007a4b00000,0x00000007a4b00000,0x00000007bee00000)
 ParOldGen       total 1986048K, used 1139877K [0x00000006c6800000, 0x000000073fb80000, 0x000000076cd80000)
  object space 1986048K, 57% used [0x00000006c6800000,0x000000070c1297d0,0x000000073fb80000)
 Metaspace       used 98258K, capacity 111186K, committed 111488K, reserved 1144832K
  class space    used 13948K, capacity 16977K, committed 17024K, reserved 1048576K
Event: 161.647 GC heap after
Heap after GC invocations=110 (full 6):
 PSYoungGen      total 918528K, used 291872K [0x000000076cd80000, 0x00000007bf400000, 0x00000007c0000000)
  eden space 489472K, 0% used [0x000000076cd80000,0x000000076cd80000,0x000000078ab80000)
  from space 429056K, 68% used [0x00000007a4b00000,0x00000007b6808000,0x00000007bee00000)
  to   space 425472K, 0% used [0x000000078ab80000,0x000000078ab80000,0x00000007a4b00000)
 ParOldGen       total 1986048K, used 1139877K [0x00000006c6800000, 0x000000073fb80000, 0x000000076cd80000)
  object space 1986048K, 57% used [0x00000006c6800000,0x000000070c1297d0,0x000000073fb80000)
 Metaspace       used 98258K, capacity 111186K, committed 111488K, reserved 1144832K
  class space    used 13948K, capacity 16977K, committed 17024K, reserved 1048576K
}
Event: 164.873 GC heap before
{Heap before GC invocations=111 (full 6):
 PSYoungGen      total 918528K, used 781344K [0x000000076cd80000, 0x00000007bf400000, 0x00000007c0000000)
  eden space 489472K, 100% used [0x000000076cd80000,0x000000078ab80000,0x000000078ab80000)
  from space 429056K, 68% used [0x00000007a4b00000,0x00000007b6808000,0x00000007bee00000)
  to   space 425472K, 0% used [0x000000078ab80000,0x000000078ab80000,0x00000007a4b00000)
 ParOldGen       total 1986048K, used 1139877K [0x00000006c6800000, 0x000000073fb80000, 0x000000076cd80000)
  object space 1986048K, 57% used [0x00000006c6800000,0x000000070c1297d0,0x000000073fb80000)
 Metaspace       used 98304K, capacity 111306K, committed 111488K, reserved 1144832K
  class space    used 13958K, capacity 16987K, committed 17024K, reserved 1048576K
Event: 165.107 GC heap after
Heap after GC invocations=111 (full 6):
 PSYoungGen      total 914944K, used 285088K [0x000000076cd80000, 0x00000007bef80000, 0x00000007c0000000)
  eden space 489472K, 0% used [0x000000076cd80000,0x000000076cd80000,0x000000078ab80000)
  from space 425472K, 67% used [0x000000078ab80000,0x000000079c1e8000,0x00000007a4b00000)
  to   space 418816K, 0% used [0x00000007a5680000,0x00000007a5680000,0x00000007bef80000)
 ParOldGen       total 1986048K, used 1139877K [0x00000006c6800000, 0x000000073fb80000, 0x000000076cd80000)
  object space 1986048K, 57% used [0x00000006c6800000,0x000000070c1297d0,0x000000073fb80000)
 Metaspace       used 98304K, capacity 111306K, committed 111488K, reserved 1144832K
  class space    used 13958K, capacity 16987K, committed 17024K, reserved 1048576K
}

