# JRE version: Java(TM) SE Runtime Environment (8.0_271-b09) (build 1.8.0_271-b09)
# Java VM: Java HotSpot(TM) 64-Bit Server VM (25.271-b09 mixed mode windows-amd64 compressed oops)
Heap:
 PSYoungGen      total 1225216K, used 228436K [0x000000076cd80000, 0x00000007c0000000, 0x00000007c0000000)
  eden space 1096192K, 16% used [0x000000076cd80000,0x0000000777df6d78,0x00000007afc00000)
  from space 129024K, 36% used [0x00000007b7800000,0x00000007ba69e608,0x00000007bf600000)
  to   space 126976K, 0% used [0x00000007afc00000,0x00000007afc00000,0x00000007b7800000)
 ParOldGen       total 528384K, used 402549K [0x00000006c6800000, 0x00000006e6c00000, 0x000000076cd80000)
  object space 528384K, 76% used [0x00000006c6800000,0x00000006df11d4b8,0x00000006e6c00000)
 Metaspace       used 99806K, capacity 113290K, committed 113452K, reserved 1144832K
  class space    used 14063K, capacity 17131K, committed 17196K, reserved 1048576K
GC Heap History (10 events):
Event: 279.714 GC heap before
{Heap before GC invocations=104 (full 4):
 PSYoungGen      total 1201664K, used 1201363K [0x000000076cd80000, 0x00000007c0000000, 0x00000007c0000000)
  eden space 1108480K, 100% used [0x000000076cd80000,0x00000007b0800000,0x00000007b0800000)
  from space 93184K, 99% used [0x00000007b0800000,0x00000007b62b4ed8,0x00000007b6300000)
  to   space 131072K, 0% used [0x00000007b8000000,0x00000007b8000000,0x00000007c0000000)
 ParOldGen       total 528384K, used 351306K [0x00000006c6800000, 0x00000006e6c00000, 0x000000076cd80000)
  object space 528384K, 66% used [0x00000006c6800000,0x00000006dbf12bb8,0x00000006e6c00000)
 Metaspace       used 99538K, capacity 112894K, committed 113196K, reserved 1144832K
  class space    used 14032K, capacity 17093K, committed 17196K, reserved 1048576K
Event: 279.757 GC heap after
Heap after GC invocations=104 (full 4):
 PSYoungGen      total 1224192K, used 95276K [0x000000076cd80000, 0x00000007c0000000, 0x00000007c0000000)
  eden space 1093120K, 0% used [0x000000076cd80000,0x000000076cd80000,0x00000007af900000)
  from space 131072K, 72% used [0x00000007b8000000,0x00000007bdd0b038,0x00000007c0000000)
  to   space 134656K, 0% used [0x00000007af900000,0x00000007af900000,0x00000007b7c80000)
 ParOldGen       total 528384K, used 351306K [0x00000006c6800000, 0x00000006e6c00000, 0x000000076cd80000)
  object space 528384K, 66% used [0x00000006c6800000,0x00000006dbf12bb8,0x00000006e6c00000)
 Metaspace       used 99538K, capacity 112894K, committed 113196K, reserved 1144832K
  class space    used 14032K, capacity 17093K, committed 17196K, reserved 1048576K
}
Event: 293.257 GC heap before
{Heap before GC invocations=105 (full 4):
 PSYoungGen      total 1224192K, used 1188396K [0x000000076cd80000, 0x00000007c0000000, 0x00000007c0000000)
  eden space 1093120K, 100% used [0x000000076cd80000,0x00000007af900000,0x00000007af900000)
  from space 131072K, 72% used [0x00000007b8000000,0x00000007bdd0b038,0x00000007c0000000)
  to   space 134656K, 0% used [0x00000007af900000,0x00000007af900000,0x00000007b7c80000)
 ParOldGen       total 528384K, used 351362K [0x00000006c6800000, 0x00000006e6c00000, 0x000000076cd80000)
  object space 528384K, 66% used [0x00000006c6800000,0x00000006dbf20bf0,0x00000006e6c00000)
 Metaspace       used 99574K, capacity 112976K, committed 113196K, reserved 1144832K
  class space    used 14033K, capacity 17094K, committed 17196K, reserved 1048576K
Event: 293.292 GC heap after
Heap after GC invocations=105 (full 4):
 PSYoungGen      total 1185280K, used 91825K [0x000000076cd80000, 0x00000007c0000000, 0x00000007c0000000)
  eden space 1093120K, 0% used [0x000000076cd80000,0x000000076cd80000,0x00000007af900000)
  from space 92160K, 99% used [0x00000007af900000,0x00000007b52ac7b8,0x00000007b5300000)
  to   space 136192K, 0% used [0x00000007b7b00000,0x00000007b7b00000,0x00000007c0000000)
 ParOldGen       total 528384K, used 351370K [0x00000006c6800000, 0x00000006e6c00000, 0x000000076cd80000)
  object space 528384K, 66% used [0x00000006c6800000,0x00000006dbf22bf0,0x00000006e6c00000)
 Metaspace       used 99574K, capacity 112976K, committed 113196K, reserved 1144832K
  class space    used 14033K, capacity 17094K, committed 17196K, reserved 1048576K
}
Event: 304.024 GC heap before
{Heap before GC invocations=106 (full 4):
 PSYoungGen      total 1185280K, used 1184945K [0x000000076cd80000, 0x00000007c0000000, 0x00000007c0000000)
  eden space 1093120K, 100% used [0x000000076cd80000,0x00000007af900000,0x00000007af900000)
  from space 92160K, 99% used [0x00000007af900000,0x00000007b52ac7b8,0x00000007b5300000)
  to   space 136192K, 0% used [0x00000007b7b00000,0x00000007b7b00000,0x00000007c0000000)
 ParOldGen       total 528384K, used 351370K [0x00000006c6800000, 0x00000006e6c00000, 0x000000076cd80000)
  object space 528384K, 66% used [0x00000006c6800000,0x00000006dbf22bf0,0x00000006e6c00000)
 Metaspace       used 99630K, capacity 113006K, committed 113196K, reserved 1144832K
  class space    used 14037K, capacity 17097K, committed 17196K, reserved 1048576K
Event: 304.062 GC heap after
Heap after GC invocations=106 (full 4):
 PSYoungGen      total 1230336K, used 58909K [0x000000076cd80000, 0x00000007c0000000, 0x00000007c0000000)
  eden space 1094144K, 0% used [0x000000076cd80000,0x000000076cd80000,0x00000007afa00000)
  from space 136192K, 43% used [0x00000007b7b00000,0x00000007bb487420,0x00000007c0000000)
  to   space 132096K, 0% used [0x00000007afa00000,0x00000007afa00000,0x00000007b7b00000)
 ParOldGen       total 528384K, used 391350K [0x00000006c6800000, 0x00000006e6c00000, 0x000000076cd80000)
  object space 528384K, 74% used [0x00000006c6800000,0x00000006de62db80,0x00000006e6c00000)
 Metaspace       used 99630K, capacity 113006K, committed 113196K, reserved 1144832K
  class space    used 14037K, capacity 17097K, committed 17196K, reserved 1048576K
}
Event: 319.328 GC heap before
{Heap before GC invocations=107 (full 4):
 PSYoungGen      total 1230336K, used 1153053K [0x000000076cd80000, 0x00000007c0000000, 0x00000007c0000000)
  eden space 1094144K, 100% used [0x000000076cd80000,0x00000007afa00000,0x00000007afa00000)
  from space 136192K, 43% used [0x00000007b7b00000,0x00000007bb487420,0x00000007c0000000)
  to   space 132096K, 0% used [0x00000007afa00000,0x00000007afa00000,0x00000007b7b00000)
 ParOldGen       total 528384K, used 391350K [0x00000006c6800000, 0x00000006e6c00000, 0x000000076cd80000)
  object space 528384K, 74% used [0x00000006c6800000,0x00000006de62db80,0x00000006e6c00000)
 Metaspace       used 99683K, capacity 113110K, committed 113452K, reserved 1144832K
  class space    used 14043K, capacity 17107K, committed 17196K, reserved 1048576K
Event: 319.362 GC heap after
Heap after GC invocations=107 (full 4):
 PSYoungGen      total 1148416K, used 53887K [0x000000076cd80000, 0x00000007bf600000, 0x00000007c0000000)
  eden space 1094144K, 0% used [0x000000076cd80000,0x000000076cd80000,0x00000007afa00000)
  from space 54272K, 99% used [0x00000007afa00000,0x00000007b2e9fcb8,0x00000007b2f00000)
  to   space 129024K, 0% used [0x00000007b7800000,0x00000007b7800000,0x00000007bf600000)
 ParOldGen       total 528384K, used 399575K [0x00000006c6800000, 0x00000006e6c00000, 0x000000076cd80000)
  object space 528384K, 75% used [0x00000006c6800000,0x00000006dee35d28,0x00000006e6c00000)
 Metaspace       used 99683K, capacity 113110K, committed 113452K, reserved 1144832K
  class space    used 14043K, capacity 17107K, committed 17196K, reserved 1048576K
}
Event: 347.744 GC heap before
{Heap before GC invocations=108 (full 4):
 PSYoungGen      total 1148416K, used 1148031K [0x000000076cd80000, 0x00000007bf600000, 0x00000007c0000000)
  eden space 1094144K, 100% used [0x000000076cd80000,0x00000007afa00000,0x00000007afa00000)
  from space 54272K, 99% used [0x00000007afa00000,0x00000007b2e9fcb8,0x00000007b2f00000)
  to   space 129024K, 0% used [0x00000007b7800000,0x00000007b7800000,0x00000007bf600000)
 ParOldGen       total 528384K, used 399575K [0x00000006c6800000, 0x00000006e6c00000, 0x000000076cd80000)
  object space 528384K, 75% used [0x00000006c6800000,0x00000006dee35d28,0x00000006e6c00000)
 Metaspace       used 99802K, capacity 113284K, committed 113452K, reserved 1144832K
  class space    used 14062K, capacity 17130K, committed 17196K, reserved 1048576K
Event: 347.777 GC heap after
Heap after GC invocations=108 (full 4):
 PSYoungGen      total 1225216K, used 47737K [0x000000076cd80000, 0x00000007c0000000, 0x00000007c0000000)
  eden space 1096192K, 0% used [0x000000076cd80000,0x000000076cd80000,0x00000007afc00000)
  from space 129024K, 36% used [0x00000007b7800000,0x00000007ba69e608,0x00000007bf600000)
  to   space 126976K, 0% used [0x00000007afc00000,0x00000007afc00000,0x00000007b7800000)
 ParOldGen       total 528384K, used 402549K [0x00000006c6800000, 0x00000006e6c00000, 0x000000076cd80000)
  object space 528384K, 76% used [0x00000006c6800000,0x00000006df11d4b8,0x00000006e6c00000)
 Metaspace       used 99802K, capacity 113284K, committed 113452K, reserved 1144832K
  class space    used 14062K, capacity 17130K, committed 17196K, reserved 1048576K
}

