# JRE version: Java(TM) SE Runtime Environment (8.0_271-b09) (build 1.8.0_271-b09)
# Java VM: Java HotSpot(TM) 64-Bit Server VM (25.271-b09 mixed mode windows-amd64 compressed oops)
Heap:
 PSYoungGen      total 1251328K, used 671875K [0x000000076cd80000, 0x00000007c0000000, 0x00000007c0000000)
  eden space 1180160K, 50% used [0x000000076cd80000,0x000000079183fdf8,0x00000007b4e00000)
  from space 71168K, 99% used [0x00000007b4e00000,0x00000007b9361200,0x00000007b9380000)
  to   space 95744K, 0% used [0x00000007ba280000,0x00000007ba280000,0x00000007c0000000)
 ParOldGen       total 556544K, used 327000K [0x00000006c6800000, 0x00000006e8780000, 0x000000076cd80000)
  object space 556544K, 58% used [0x00000006c6800000,0x00000006da756178,0x00000006e8780000)
 Metaspace       used 98241K, capacity 111226K, committed 111488K, reserved 1144832K
  class space    used 13936K, capacity 16941K, committed 17024K, reserved 1048576K
GC Heap History (10 events):
Event: 81.840 GC heap before
{Heap before GC invocations=89 (full 3):
 PSYoungGen      total 1275392K, used 75604K [0x000000076cd80000, 0x00000007c0000000, 0x00000007c0000000)
  eden space 1188352K, 1% used [0x000000076cd80000,0x000000076e24a530,0x00000007b5600000)
  from space 87040K, 62% used [0x00000007b5600000,0x00000007b8b0aad8,0x00000007bab00000)
  to   space 87040K, 0% used [0x00000007bab00000,0x00000007bab00000,0x00000007c0000000)
 ParOldGen       total 388096K, used 314130K [0x00000006c6800000, 0x00000006de300000, 0x000000076cd80000)
  object space 388096K, 80% used [0x00000006c6800000,0x00000006d9ac49c8,0x00000006de300000)
 Metaspace       used 87506K, capacity 98592K, committed 98704K, reserved 1132544K
  class space    used 12598K, capacity 15282K, committed 15360K, reserved 1048576K
Event: 81.885 GC heap after
Heap after GC invocations=89 (full 3):
 PSYoungGen      total 1273344K, used 50897K [0x000000076cd80000, 0x00000007bfe00000, 0x00000007c0000000)
  eden space 1188352K, 0% used [0x000000076cd80000,0x000000076cd80000,0x00000007b5600000)
  from space 84992K, 59% used [0x00000007bab00000,0x00000007bdcb44f0,0x00000007bfe00000)
  to   space 86016K, 0% used [0x00000007b5600000,0x00000007b5600000,0x00000007baa00000)
 ParOldGen       total 388096K, used 316228K [0x00000006c6800000, 0x00000006de300000, 0x000000076cd80000)
  object space 388096K, 81% used [0x00000006c6800000,0x00000006d9cd1390,0x00000006de300000)
 Metaspace       used 87506K, capacity 98592K, committed 98704K, reserved 1132544K
  class space    used 12598K, capacity 15282K, committed 15360K, reserved 1048576K
}
Event: 81.885 GC heap before
{Heap before GC invocations=90 (full 4):
 PSYoungGen      total 1273344K, used 50897K [0x000000076cd80000, 0x00000007bfe00000, 0x00000007c0000000)
  eden space 1188352K, 0% used [0x000000076cd80000,0x000000076cd80000,0x00000007b5600000)
  from space 84992K, 59% used [0x00000007bab00000,0x00000007bdcb44f0,0x00000007bfe00000)
  to   space 86016K, 0% used [0x00000007b5600000,0x00000007b5600000,0x00000007baa00000)
 ParOldGen       total 388096K, used 316228K [0x00000006c6800000, 0x00000006de300000, 0x000000076cd80000)
  object space 388096K, 81% used [0x00000006c6800000,0x00000006d9cd1390,0x00000006de300000)
 Metaspace       used 87506K, capacity 98592K, committed 98704K, reserved 1132544K
  class space    used 12598K, capacity 15282K, committed 15360K, reserved 1048576K
Event: 82.668 GC heap after
Heap after GC invocations=90 (full 4):
 PSYoungGen      total 1273344K, used 0K [0x000000076cd80000, 0x00000007bfe00000, 0x00000007c0000000)
  eden space 1188352K, 0% used [0x000000076cd80000,0x000000076cd80000,0x00000007b5600000)
  from space 84992K, 0% used [0x00000007bab00000,0x00000007bab00000,0x00000007bfe00000)
  to   space 86016K, 0% used [0x00000007b5600000,0x00000007b5600000,0x00000007baa00000)
 ParOldGen       total 556544K, used 326048K [0x00000006c6800000, 0x00000006e8780000, 0x000000076cd80000)
  object space 556544K, 58% used [0x00000006c6800000,0x00000006da668320,0x00000006e8780000)
 Metaspace       used 87491K, capacity 98558K, committed 98704K, reserved 1132544K
  class space    used 12592K, capacity 15273K, committed 15360K, reserved 1048576K
}
Event: 99.457 GC heap before
{Heap before GC invocations=91 (full 4):
 PSYoungGen      total 1273344K, used 1188352K [0x000000076cd80000, 0x00000007bfe00000, 0x00000007c0000000)
  eden space 1188352K, 100% used [0x000000076cd80000,0x00000007b5600000,0x00000007b5600000)
  from space 84992K, 0% used [0x00000007bab00000,0x00000007bab00000,0x00000007bfe00000)
  to   space 86016K, 0% used [0x00000007b5600000,0x00000007b5600000,0x00000007baa00000)
 ParOldGen       total 556544K, used 326121K [0x00000006c6800000, 0x00000006e8780000, 0x000000076cd80000)
  object space 556544K, 58% used [0x00000006c6800000,0x00000006da67a608,0x00000006e8780000)
 Metaspace       used 96853K, capacity 109390K, committed 109440K, reserved 1142784K
  class space    used 13804K, capacity 16753K, committed 16768K, reserved 1048576K
Event: 99.512 GC heap after
Heap after GC invocations=91 (full 4):
 PSYoungGen      total 1252864K, used 64234K [0x000000076cd80000, 0x00000007c0000000, 0x00000007c0000000)
  eden space 1188352K, 0% used [0x000000076cd80000,0x000000076cd80000,0x00000007b5600000)
  from space 64512K, 99% used [0x00000007b5600000,0x00000007b94baa70,0x00000007b9500000)
  to   space 89088K, 0% used [0x00000007ba900000,0x00000007ba900000,0x00000007c0000000)
 ParOldGen       total 556544K, used 326129K [0x00000006c6800000, 0x00000006e8780000, 0x000000076cd80000)
  object space 556544K, 58% used [0x00000006c6800000,0x00000006da67c608,0x00000006e8780000)
 Metaspace       used 96853K, capacity 109390K, committed 109440K, reserved 1142784K
  class space    used 13804K, capacity 16753K, committed 16768K, reserved 1048576K
}
Event: 105.342 GC heap before
{Heap before GC invocations=92 (full 4):
 PSYoungGen      total 1252864K, used 1252586K [0x000000076cd80000, 0x00000007c0000000, 0x00000007c0000000)
  eden space 1188352K, 100% used [0x000000076cd80000,0x00000007b5600000,0x00000007b5600000)
  from space 64512K, 99% used [0x00000007b5600000,0x00000007b94baa70,0x00000007b9500000)
  to   space 89088K, 0% used [0x00000007ba900000,0x00000007ba900000,0x00000007c0000000)
 ParOldGen       total 556544K, used 326333K [0x00000006c6800000, 0x00000006e8780000, 0x000000076cd80000)
  object space 556544K, 58% used [0x00000006c6800000,0x00000006da6af538,0x00000006e8780000)
 Metaspace       used 97237K, capacity 109840K, committed 109952K, reserved 1142784K
  class space    used 13817K, capacity 16764K, committed 16768K, reserved 1048576K
Event: 105.382 GC heap after
Heap after GC invocations=92 (full 4):
 PSYoungGen      total 1269248K, used 63151K [0x000000076cd80000, 0x00000007c0000000, 0x00000007c0000000)
  eden space 1180160K, 0% used [0x000000076cd80000,0x000000076cd80000,0x00000007b4e00000)
  from space 89088K, 70% used [0x00000007ba900000,0x00000007be6abec8,0x00000007c0000000)
  to   space 91136K, 0% used [0x00000007b4e00000,0x00000007b4e00000,0x00000007ba700000)
 ParOldGen       total 556544K, used 326341K [0x00000006c6800000, 0x00000006e8780000, 0x000000076cd80000)
  object space 556544K, 58% used [0x00000006c6800000,0x00000006da6b1538,0x00000006e8780000)
 Metaspace       used 97237K, capacity 109840K, committed 109952K, reserved 1142784K
  class space    used 13817K, capacity 16764K, committed 16768K, reserved 1048576K
}
Event: 118.396 GC heap before
{Heap before GC invocations=93 (full 4):
 PSYoungGen      total 1269248K, used 1243311K [0x000000076cd80000, 0x00000007c0000000, 0x00000007c0000000)
  eden space 1180160K, 100% used [0x000000076cd80000,0x00000007b4e00000,0x00000007b4e00000)
  from space 89088K, 70% used [0x00000007ba900000,0x00000007be6abec8,0x00000007c0000000)
  to   space 91136K, 0% used [0x00000007b4e00000,0x00000007b4e00000,0x00000007ba700000)
 ParOldGen       total 556544K, used 326992K [0x00000006c6800000, 0x00000006e8780000, 0x000000076cd80000)
  object space 556544K, 58% used [0x00000006c6800000,0x00000006da754178,0x00000006e8780000)
 Metaspace       used 98163K, capacity 111092K, committed 111232K, reserved 1142784K
  class space    used 13925K, capacity 16926K, committed 17024K, reserved 1048576K
Event: 118.446 GC heap after
Heap after GC invocations=93 (full 4):
 PSYoungGen      total 1251328K, used 71044K [0x000000076cd80000, 0x00000007c0000000, 0x00000007c0000000)
  eden space 1180160K, 0% used [0x000000076cd80000,0x000000076cd80000,0x00000007b4e00000)
  from space 71168K, 99% used [0x00000007b4e00000,0x00000007b9361200,0x00000007b9380000)
  to   space 95744K, 0% used [0x00000007ba280000,0x00000007ba280000,0x00000007c0000000)
 ParOldGen       total 556544K, used 327000K [0x00000006c6800000, 0x00000006e8780000, 0x000000076cd80000)
  object space 556544K, 58% used [0x00000006c6800000,0x00000006da756178,0x00000006e8780000)
 Metaspace       used 98163K, capacity 111092K, committed 111232K, reserved 1142784K
  class space    used 13925K, capacity 16926K, committed 17024K, reserved 1048576K
}

