# JRE version: Java(TM) SE Runtime Environment (8.0_271-b09) (build 1.8.0_271-b09)
# Java VM: Java HotSpot(TM) 64-Bit Server VM (25.271-b09 mixed mode windows-amd64 compressed oops)
Heap:
 PSYoungGen      total 1259008K, used 492515K [0x000000076cd80000, 0x00000007c0000000, 0x00000007c0000000)
  eden space 1166848K, 36% used [0x000000076cd80000,0x00000007868c8c88,0x00000007b4100000)
  from space 92160K, 77% used [0x00000007ba600000,0x00000007bebafff0,0x00000007c0000000)
  to   space 97792K, 0% used [0x00000007b4100000,0x00000007b4100000,0x00000007ba080000)
 ParOldGen       total 620544K, used 381652K [0x00000006c6800000, 0x00000006ec600000, 0x000000076cd80000)
  object space 620544K, 61% used [0x00000006c6800000,0x00000006ddcb5380,0x00000006ec600000)
 Metaspace       used 98392K, capacity 111386K, committed 111488K, reserved 1144832K
  class space    used 13949K, capacity 16999K, committed 17024K, reserved 1048576K
GC Heap History (10 events):
Event: 62.333 GC heap before
{Heap before GC invocations=88 (full 3):
 PSYoungGen      total 1306112K, used 200911K [0x000000076cd80000, 0x00000007c0000000, 0x00000007c0000000)
  eden space 1263104K, 12% used [0x000000076cd80000,0x00000007767b5528,0x00000007b9f00000)
  from space 43008K, 99% used [0x00000007bd600000,0x00000007bfffe848,0x00000007c0000000)
  to   space 49664K, 0% used [0x00000007b9f00000,0x00000007b9f00000,0x00000007bcf80000)
 ParOldGen       total 395264K, used 265665K [0x00000006c6800000, 0x00000006dea00000, 0x000000076cd80000)
  object space 395264K, 67% used [0x00000006c6800000,0x00000006d6b70500,0x00000006dea00000)
 Metaspace       used 86588K, capacity 97386K, committed 97496K, reserved 1132544K
  class space    used 12488K, capacity 15133K, committed 15232K, reserved 1048576K
Event: 62.387 GC heap after
Heap after GC invocations=88 (full 3):
 PSYoungGen      total 1312768K, used 49643K [0x000000076cd80000, 0x00000007c0000000, 0x00000007c0000000)
  eden space 1263104K, 0% used [0x000000076cd80000,0x000000076cd80000,0x00000007b9f00000)
  from space 49664K, 99% used [0x00000007b9f00000,0x00000007bcf7aff8,0x00000007bcf80000)
  to   space 49664K, 0% used [0x00000007bcf80000,0x00000007bcf80000,0x00000007c0000000)
 ParOldGen       total 395264K, used 309769K [0x00000006c6800000, 0x00000006dea00000, 0x000000076cd80000)
  object space 395264K, 78% used [0x00000006c6800000,0x00000006d96825d8,0x00000006dea00000)
 Metaspace       used 86588K, capacity 97386K, committed 97496K, reserved 1132544K
  class space    used 12488K, capacity 15133K, committed 15232K, reserved 1048576K
}
Event: 62.388 GC heap before
{Heap before GC invocations=89 (full 4):
 PSYoungGen      total 1312768K, used 49643K [0x000000076cd80000, 0x00000007c0000000, 0x00000007c0000000)
  eden space 1263104K, 0% used [0x000000076cd80000,0x000000076cd80000,0x00000007b9f00000)
  from space 49664K, 99% used [0x00000007b9f00000,0x00000007bcf7aff8,0x00000007bcf80000)
  to   space 49664K, 0% used [0x00000007bcf80000,0x00000007bcf80000,0x00000007c0000000)
 ParOldGen       total 395264K, used 309769K [0x00000006c6800000, 0x00000006dea00000, 0x000000076cd80000)
  object space 395264K, 78% used [0x00000006c6800000,0x00000006d96825d8,0x00000006dea00000)
 Metaspace       used 86588K, capacity 97386K, committed 97496K, reserved 1132544K
  class space    used 12488K, capacity 15133K, committed 15232K, reserved 1048576K
Event: 63.382 GC heap after
Heap after GC invocations=89 (full 4):
 PSYoungGen      total 1312768K, used 0K [0x000000076cd80000, 0x00000007c0000000, 0x00000007c0000000)
  eden space 1263104K, 0% used [0x000000076cd80000,0x000000076cd80000,0x00000007b9f00000)
  from space 49664K, 0% used [0x00000007b9f00000,0x00000007b9f00000,0x00000007bcf80000)
  to   space 49664K, 0% used [0x00000007bcf80000,0x00000007bcf80000,0x00000007c0000000)
 ParOldGen       total 620544K, used 347286K [0x00000006c6800000, 0x00000006ec600000, 0x000000076cd80000)
  object space 620544K, 55% used [0x00000006c6800000,0x00000006dbb25ba0,0x00000006ec600000)
 Metaspace       used 86569K, capacity 97344K, committed 97496K, reserved 1132544K
  class space    used 12482K, capacity 15122K, committed 15232K, reserved 1048576K
}
Event: 74.563 GC heap before
{Heap before GC invocations=90 (full 4):
 PSYoungGen      total 1312768K, used 1263104K [0x000000076cd80000, 0x00000007c0000000, 0x00000007c0000000)
  eden space 1263104K, 100% used [0x000000076cd80000,0x00000007b9f00000,0x00000007b9f00000)
  from space 49664K, 0% used [0x00000007b9f00000,0x00000007b9f00000,0x00000007bcf80000)
  to   space 49664K, 0% used [0x00000007bcf80000,0x00000007bcf80000,0x00000007c0000000)
 ParOldGen       total 620544K, used 347286K [0x00000006c6800000, 0x00000006ec600000, 0x000000076cd80000)
  object space 620544K, 55% used [0x00000006c6800000,0x00000006dbb25ba0,0x00000006ec600000)
 Metaspace       used 96941K, capacity 109516K, committed 109824K, reserved 1142784K
  class space    used 13855K, capacity 16830K, committed 16896K, reserved 1048576K
Event: 74.620 GC heap after
Heap after GC invocations=90 (full 4):
 PSYoungGen      total 1239040K, used 49633K [0x000000076cd80000, 0x00000007c0000000, 0x00000007c0000000)
  eden space 1189376K, 0% used [0x000000076cd80000,0x000000076cd80000,0x00000007b5700000)
  from space 49664K, 99% used [0x00000007bcf80000,0x00000007bfff86a8,0x00000007c0000000)
  to   space 86528K, 0% used [0x00000007b5700000,0x00000007b5700000,0x00000007bab80000)
 ParOldGen       total 620544K, used 381632K [0x00000006c6800000, 0x00000006ec600000, 0x000000076cd80000)
  object space 620544K, 61% used [0x00000006c6800000,0x00000006ddcb0200,0x00000006ec600000)
 Metaspace       used 96941K, capacity 109516K, committed 109824K, reserved 1142784K
  class space    used 13855K, capacity 16830K, committed 16896K, reserved 1048576K
}
Event: 81.940 GC heap before
{Heap before GC invocations=91 (full 4):
 PSYoungGen      total 1239040K, used 1239009K [0x000000076cd80000, 0x00000007c0000000, 0x00000007c0000000)
  eden space 1189376K, 100% used [0x000000076cd80000,0x00000007b5700000,0x00000007b5700000)
  from space 49664K, 99% used [0x00000007bcf80000,0x00000007bfff86a8,0x00000007c0000000)
  to   space 86528K, 0% used [0x00000007b5700000,0x00000007b5700000,0x00000007bab80000)
 ParOldGen       total 620544K, used 381633K [0x00000006c6800000, 0x00000006ec600000, 0x000000076cd80000)
  object space 620544K, 61% used [0x00000006c6800000,0x00000006ddcb0718,0x00000006ec600000)
 Metaspace       used 97623K, capacity 110382K, committed 110592K, reserved 1142784K
  class space    used 13896K, capacity 16883K, committed 16896K, reserved 1048576K
Event: 81.991 GC heap after
Heap after GC invocations=91 (full 4):
 PSYoungGen      total 1256960K, used 67425K [0x000000076cd80000, 0x00000007c0000000, 0x00000007c0000000)
  eden space 1189376K, 0% used [0x000000076cd80000,0x000000076cd80000,0x00000007b5700000)
  from space 67584K, 99% used [0x00000007b5700000,0x00000007b98d8458,0x00000007b9900000)
  to   space 92160K, 0% used [0x00000007ba600000,0x00000007ba600000,0x00000007c0000000)
 ParOldGen       total 620544K, used 381641K [0x00000006c6800000, 0x00000006ec600000, 0x000000076cd80000)
  object space 620544K, 61% used [0x00000006c6800000,0x00000006ddcb2718,0x00000006ec600000)
 Metaspace       used 97623K, capacity 110382K, committed 110592K, reserved 1142784K
  class space    used 13896K, capacity 16883K, committed 16896K, reserved 1048576K
}
Event: 108.269 GC heap before
{Heap before GC invocations=92 (full 4):
 PSYoungGen      total 1256960K, used 1256801K [0x000000076cd80000, 0x00000007c0000000, 0x00000007c0000000)
  eden space 1189376K, 100% used [0x000000076cd80000,0x00000007b5700000,0x00000007b5700000)
  from space 67584K, 99% used [0x00000007b5700000,0x00000007b98d8458,0x00000007b9900000)
  to   space 92160K, 0% used [0x00000007ba600000,0x00000007ba600000,0x00000007c0000000)
 ParOldGen       total 620544K, used 381644K [0x00000006c6800000, 0x00000006ec600000, 0x000000076cd80000)
  object space 620544K, 61% used [0x00000006c6800000,0x00000006ddcb3380,0x00000006ec600000)
 Metaspace       used 98293K, capacity 111232K, committed 111488K, reserved 1144832K
  class space    used 13928K, capacity 16942K, committed 17024K, reserved 1048576K
Event: 108.334 GC heap after
Heap after GC invocations=92 (full 4):
 PSYoungGen      total 1259008K, used 71359K [0x000000076cd80000, 0x00000007c0000000, 0x00000007c0000000)
  eden space 1166848K, 0% used [0x000000076cd80000,0x000000076cd80000,0x00000007b4100000)
  from space 92160K, 77% used [0x00000007ba600000,0x00000007bebafff0,0x00000007c0000000)
  to   space 97792K, 0% used [0x00000007b4100000,0x00000007b4100000,0x00000007ba080000)
 ParOldGen       total 620544K, used 381652K [0x00000006c6800000, 0x00000006ec600000, 0x000000076cd80000)
  object space 620544K, 61% used [0x00000006c6800000,0x00000006ddcb5380,0x00000006ec600000)
 Metaspace       used 98293K, capacity 111232K, committed 111488K, reserved 1144832K
  class space    used 13928K, capacity 16942K, committed 17024K, reserved 1048576K
}

