# JRE version: Java(TM) SE Runtime Environment (8.0_271-b09) (build 1.8.0_271-b09)
# Java VM: Java HotSpot(TM) 64-Bit Server VM (25.271-b09 mixed mode windows-amd64 compressed oops)
Heap:
 PSYoungGen      total 1259008K, used 747402K [0x000000076cd80000, 0x00000007c0000000, 0x00000007c0000000)
  eden space 1197568K, 57% used [0x000000076cd80000,0x0000000796baf770,0x00000007b5f00000)
  from space 61440K, 99% used [0x00000007b5f00000,0x00000007b9ab33a0,0x00000007b9b00000)
  to   space 86016K, 0% used [0x00000007bac00000,0x00000007bac00000,0x00000007c0000000)
 ParOldGen       total 546816K, used 370966K [0x00000006c6800000, 0x00000006e7e00000, 0x000000076cd80000)
  object space 546816K, 67% used [0x00000006c6800000,0x00000006dd2458d0,0x00000006e7e00000)
 Metaspace       used 97498K, capacity 110300K, committed 110592K, reserved 1142784K
  class space    used 13845K, capacity 16772K, committed 16896K, reserved 1048576K
GC Heap History (10 events):
Event: 62.227 GC heap before
{Heap before GC invocations=85 (full 3):
 PSYoungGen      total 1329152K, used 1329145K [0x000000076cd80000, 0x00000007c0000000, 0x00000007c0000000)
  eden space 1295872K, 100% used [0x000000076cd80000,0x00000007bbf00000,0x00000007bbf00000)
  from space 33280K, 99% used [0x00000007bbf00000,0x00000007bdf7e7b0,0x00000007bdf80000)
  to   space 33280K, 0% used [0x00000007bdf80000,0x00000007bdf80000,0x00000007c0000000)
 ParOldGen       total 380416K, used 235631K [0x00000006c6800000, 0x00000006ddb80000, 0x000000076cd80000)
  object space 380416K, 61% used [0x00000006c6800000,0x00000006d4e1bd50,0x00000006ddb80000)
 Metaspace       used 81149K, capacity 90750K, committed 91008K, reserved 1126400K
  class space    used 11741K, capacity 14196K, committed 14208K, reserved 1048576K
Event: 62.251 GC heap after
Heap after GC invocations=85 (full 3):
 PSYoungGen      total 1297408K, used 33278K [0x000000076cd80000, 0x00000007c0000000, 0x00000007c0000000)
  eden space 1264128K, 0% used [0x000000076cd80000,0x000000076cd80000,0x00000007ba000000)
  from space 33280K, 99% used [0x00000007bdf80000,0x00000007bffffa50,0x00000007c0000000)
  to   space 49152K, 0% used [0x00000007ba000000,0x00000007ba000000,0x00000007bd000000)
 ParOldGen       total 380416K, used 262991K [0x00000006c6800000, 0x00000006ddb80000, 0x000000076cd80000)
  object space 380416K, 69% used [0x00000006c6800000,0x00000006d68d3c18,0x00000006ddb80000)
 Metaspace       used 81149K, capacity 90750K, committed 91008K, reserved 1126400K
  class space    used 11741K, capacity 14196K, committed 14208K, reserved 1048576K
}
Event: 64.841 GC heap before
{Heap before GC invocations=86 (full 3):
 PSYoungGen      total 1297408K, used 906691K [0x000000076cd80000, 0x00000007c0000000, 0x00000007c0000000)
  eden space 1264128K, 69% used [0x000000076cd80000,0x00000007a2271290,0x00000007ba000000)
  from space 33280K, 99% used [0x00000007bdf80000,0x00000007bffffa50,0x00000007c0000000)
  to   space 49152K, 0% used [0x00000007ba000000,0x00000007ba000000,0x00000007bd000000)
 ParOldGen       total 380416K, used 262991K [0x00000006c6800000, 0x00000006ddb80000, 0x000000076cd80000)
  object space 380416K, 69% used [0x00000006c6800000,0x00000006d68d3c18,0x00000006ddb80000)
 Metaspace       used 85299K, capacity 95734K, committed 95788K, reserved 1130496K
  class space    used 12353K, capacity 14923K, committed 14976K, reserved 1048576K
Event: 64.862 GC heap after
Heap after GC invocations=86 (full 3):
 PSYoungGen      total 1313280K, used 33424K [0x000000076cd80000, 0x00000007c0000000, 0x00000007c0000000)
  eden space 1264128K, 0% used [0x000000076cd80000,0x000000076cd80000,0x00000007ba000000)
  from space 49152K, 68% used [0x00000007ba000000,0x00000007bc0a43f8,0x00000007bd000000)
  to   space 48640K, 0% used [0x00000007bd080000,0x00000007bd080000,0x00000007c0000000)
 ParOldGen       total 380416K, used 270511K [0x00000006c6800000, 0x00000006ddb80000, 0x000000076cd80000)
  object space 380416K, 71% used [0x00000006c6800000,0x00000006d702bc18,0x00000006ddb80000)
 Metaspace       used 85299K, capacity 95734K, committed 95788K, reserved 1130496K
  class space    used 12353K, capacity 14923K, committed 14976K, reserved 1048576K
}
Event: 64.862 GC heap before
{Heap before GC invocations=87 (full 4):
 PSYoungGen      total 1313280K, used 33424K [0x000000076cd80000, 0x00000007c0000000, 0x00000007c0000000)
  eden space 1264128K, 0% used [0x000000076cd80000,0x000000076cd80000,0x00000007ba000000)
  from space 49152K, 68% used [0x00000007ba000000,0x00000007bc0a43f8,0x00000007bd000000)
  to   space 48640K, 0% used [0x00000007bd080000,0x00000007bd080000,0x00000007c0000000)
 ParOldGen       total 380416K, used 270511K [0x00000006c6800000, 0x00000006ddb80000, 0x000000076cd80000)
  object space 380416K, 71% used [0x00000006c6800000,0x00000006d702bc18,0x00000006ddb80000)
 Metaspace       used 85299K, capacity 95734K, committed 95788K, reserved 1130496K
  class space    used 12353K, capacity 14923K, committed 14976K, reserved 1048576K
Event: 65.801 GC heap after
Heap after GC invocations=87 (full 4):
 PSYoungGen      total 1313280K, used 0K [0x000000076cd80000, 0x00000007c0000000, 0x00000007c0000000)
  eden space 1264128K, 0% used [0x000000076cd80000,0x000000076cd80000,0x00000007ba000000)
  from space 49152K, 0% used [0x00000007ba000000,0x00000007ba000000,0x00000007bd000000)
  to   space 48640K, 0% used [0x00000007bd080000,0x00000007bd080000,0x00000007c0000000)
 ParOldGen       total 546816K, used 294377K [0x00000006c6800000, 0x00000006e7e00000, 0x000000076cd80000)
  object space 546816K, 53% used [0x00000006c6800000,0x00000006d877a4a8,0x00000006e7e00000)
 Metaspace       used 85286K, capacity 95706K, committed 95788K, reserved 1130496K
  class space    used 12349K, capacity 14915K, committed 14976K, reserved 1048576K
}
Event: 75.956 GC heap before
{Heap before GC invocations=88 (full 4):
 PSYoungGen      total 1313280K, used 1264128K [0x000000076cd80000, 0x00000007c0000000, 0x00000007c0000000)
  eden space 1264128K, 100% used [0x000000076cd80000,0x00000007ba000000,0x00000007ba000000)
  from space 49152K, 0% used [0x00000007ba000000,0x00000007ba000000,0x00000007bd000000)
  to   space 48640K, 0% used [0x00000007bd080000,0x00000007bd080000,0x00000007c0000000)
 ParOldGen       total 546816K, used 294425K [0x00000006c6800000, 0x00000006e7e00000, 0x000000076cd80000)
  object space 546816K, 53% used [0x00000006c6800000,0x00000006d8786660,0x00000006e7e00000)
 Metaspace       used 96636K, capacity 109128K, committed 109184K, reserved 1142784K
  class space    used 13795K, capacity 16716K, committed 16768K, reserved 1048576K
Event: 76.087 GC heap after
Heap after GC invocations=88 (full 4):
 PSYoungGen      total 1246208K, used 48637K [0x000000076cd80000, 0x00000007c0000000, 0x00000007c0000000)
  eden space 1197568K, 0% used [0x000000076cd80000,0x000000076cd80000,0x00000007b5f00000)
  from space 48640K, 99% used [0x00000007bd080000,0x00000007bffff5a0,0x00000007c0000000)
  to   space 82432K, 0% used [0x00000007b5f00000,0x00000007b5f00000,0x00000007baf80000)
 ParOldGen       total 546816K, used 370956K [0x00000006c6800000, 0x00000006e7e00000, 0x000000076cd80000)
  object space 546816K, 67% used [0x00000006c6800000,0x00000006dd243150,0x00000006e7e00000)
 Metaspace       used 96636K, capacity 109128K, committed 109184K, reserved 1142784K
  class space    used 13795K, capacity 16716K, committed 16768K, reserved 1048576K
}
Event: 100.998 GC heap before
{Heap before GC invocations=89 (full 4):
 PSYoungGen      total 1246208K, used 1246205K [0x000000076cd80000, 0x00000007c0000000, 0x00000007c0000000)
  eden space 1197568K, 100% used [0x000000076cd80000,0x00000007b5f00000,0x00000007b5f00000)
  from space 48640K, 99% used [0x00000007bd080000,0x00000007bffff5a0,0x00000007c0000000)
  to   space 82432K, 0% used [0x00000007b5f00000,0x00000007b5f00000,0x00000007baf80000)
 ParOldGen       total 546816K, used 370958K [0x00000006c6800000, 0x00000006e7e00000, 0x000000076cd80000)
  object space 546816K, 67% used [0x00000006c6800000,0x00000006dd2438d0,0x00000006e7e00000)
 Metaspace       used 97368K, capacity 110088K, committed 110208K, reserved 1142784K
  class space    used 13821K, capacity 16744K, committed 16768K, reserved 1048576K
Event: 101.041 GC heap after
Heap after GC invocations=89 (full 4):
 PSYoungGen      total 1259008K, used 61132K [0x000000076cd80000, 0x00000007c0000000, 0x00000007c0000000)
  eden space 1197568K, 0% used [0x000000076cd80000,0x000000076cd80000,0x00000007b5f00000)
  from space 61440K, 99% used [0x00000007b5f00000,0x00000007b9ab33a0,0x00000007b9b00000)
  to   space 86016K, 0% used [0x00000007bac00000,0x00000007bac00000,0x00000007c0000000)
 ParOldGen       total 546816K, used 370966K [0x00000006c6800000, 0x00000006e7e00000, 0x000000076cd80000)
  object space 546816K, 67% used [0x00000006c6800000,0x00000006dd2458d0,0x00000006e7e00000)
 Metaspace       used 97368K, capacity 110088K, committed 110208K, reserved 1142784K
  class space    used 13821K, capacity 16744K, committed 16768K, reserved 1048576K
}

